2014-06-05 09:08:38,515 INFO  [main] (ClassLoaderUtil.java:121)     - 传入的相对路径：../../../
2014-06-05 09:08:38,515 INFO  [main] (ClassLoaderUtil.java:109)     - file:/D:/workspace/AixiWeiboTools/WebRoot/WEB-INF/classes/
2014-06-05 09:08:38,515 INFO  [main] (ClassLoaderUtil.java:130)     - 6
2014-06-05 09:08:38,515 INFO  [main] (ClassLoaderUtil.java:140)     - 绝对路径：file:/D:/workspace/AixiWeiboTools/
2014-06-05 09:14:38,925 INFO  [main] (ClassLoaderUtil.java:121)     - 传入的相对路径：../../../
2014-06-05 09:14:38,925 INFO  [main] (ClassLoaderUtil.java:109)     - file:/D:/workspace/AixiWeiboTools/WebRoot/WEB-INF/classes/
2014-06-05 09:14:38,925 INFO  [main] (ClassLoaderUtil.java:130)     - 6
2014-06-05 09:14:38,925 INFO  [main] (ClassLoaderUtil.java:140)     - 绝对路径：file:/D:/workspace/AixiWeiboTools/
2014-06-05 09:14:38,925 INFO  [main] (ClassLoaderUtil.java:121)     - 传入的相对路径：../../../WebRoot
2014-06-05 09:14:38,925 INFO  [main] (ClassLoaderUtil.java:109)     - file:/D:/workspace/AixiWeiboTools/WebRoot/WEB-INF/classes/
2014-06-05 09:14:38,925 INFO  [main] (ClassLoaderUtil.java:130)     - 6
2014-06-05 09:14:38,925 INFO  [main] (ClassLoaderUtil.java:140)     - 绝对路径：file:/D:/workspace/AixiWeiboTools/WebRoot
2014-06-05 09:16:04,332 INFO  [main] (ClassLoaderUtil.java:121)     - 传入的相对路径：../../../
2014-06-05 09:16:04,332 INFO  [main] (ClassLoaderUtil.java:109)     - file:/D:/workspace/AixiWeiboTools/WebRoot/WEB-INF/classes/
2014-06-05 09:16:04,332 INFO  [main] (ClassLoaderUtil.java:130)     - 6
2014-06-05 09:16:04,332 INFO  [main] (ClassLoaderUtil.java:140)     - 绝对路径：file:/D:/workspace/AixiWeiboTools/
2014-06-05 09:16:04,332 INFO  [main] (ClassLoaderUtil.java:121)     - 传入的相对路径：../../../WebRoot
2014-06-05 09:16:04,332 INFO  [main] (ClassLoaderUtil.java:109)     - file:/D:/workspace/AixiWeiboTools/WebRoot/WEB-INF/classes/
2014-06-05 09:16:04,332 INFO  [main] (ClassLoaderUtil.java:130)     - 6
2014-06-05 09:16:04,332 INFO  [main] (ClassLoaderUtil.java:140)     - 绝对路径：file:/D:/workspace/AixiWeiboTools/WebRoot
2014-06-05 09:16:04,332 INFO  [main] (ClassLoaderUtil.java:121)     - 传入的相对路径：../../../
2014-06-05 09:16:04,332 INFO  [main] (ClassLoaderUtil.java:109)     - file:/D:/workspace/AixiWeiboTools/WebRoot/WEB-INF/classes/
2014-06-05 09:16:04,347 INFO  [main] (ClassLoaderUtil.java:130)     - 6
2014-06-05 09:16:04,347 INFO  [main] (ClassLoaderUtil.java:140)     - 绝对路径：file:/D:/workspace/AixiWeiboTools/
2014-06-05 09:16:28,319 INFO  [main] (ClassLoaderUtil.java:121)     - 传入的相对路径：../../../
2014-06-05 09:16:28,319 INFO  [main] (ClassLoaderUtil.java:109)     - file:/D:/workspace/AixiWeiboTools/WebRoot/WEB-INF/classes/
2014-06-05 09:16:28,319 INFO  [main] (ClassLoaderUtil.java:130)     - 6
2014-06-05 09:16:28,319 INFO  [main] (ClassLoaderUtil.java:140)     - 绝对路径：file:/D:/workspace/AixiWeiboTools/
2014-06-05 09:16:28,319 INFO  [main] (ClassLoaderUtil.java:121)     - 传入的相对路径：../../../WebRoot
2014-06-05 09:16:28,319 INFO  [main] (ClassLoaderUtil.java:109)     - file:/D:/workspace/AixiWeiboTools/WebRoot/WEB-INF/classes/
2014-06-05 09:16:28,319 INFO  [main] (ClassLoaderUtil.java:130)     - 6
2014-06-05 09:16:28,319 INFO  [main] (ClassLoaderUtil.java:140)     - 绝对路径：file:/D:/workspace/AixiWeiboTools/WebRoot
2014-06-05 09:16:28,319 INFO  [main] (ClassLoaderUtil.java:121)     - 传入的相对路径：../../../
2014-06-05 09:16:28,319 INFO  [main] (ClassLoaderUtil.java:109)     - file:/D:/workspace/AixiWeiboTools/WebRoot/WEB-INF/classes/
2014-06-05 09:16:28,319 INFO  [main] (ClassLoaderUtil.java:130)     - 6
2014-06-05 09:16:28,319 INFO  [main] (ClassLoaderUtil.java:140)     - 绝对路径：file:/D:/workspace/AixiWeiboTools/
2014-06-05 09:17:11,014 INFO  [main] (ClassLoaderUtil.java:121)     - 传入的相对路径：../../../
2014-06-05 09:17:11,014 INFO  [main] (ClassLoaderUtil.java:109)     - file:/D:/workspace/AixiWeiboTools/WebRoot/WEB-INF/classes/
2014-06-05 09:17:11,014 INFO  [main] (ClassLoaderUtil.java:130)     - 6
2014-06-05 09:17:11,014 INFO  [main] (ClassLoaderUtil.java:140)     - 绝对路径：file:/D:/workspace/AixiWeiboTools/
2014-06-05 09:17:11,014 INFO  [main] (ClassLoaderUtil.java:121)     - 传入的相对路径：../../../WebRoot
2014-06-05 09:17:11,014 INFO  [main] (ClassLoaderUtil.java:109)     - file:/D:/workspace/AixiWeiboTools/WebRoot/WEB-INF/classes/
2014-06-05 09:17:11,014 INFO  [main] (ClassLoaderUtil.java:130)     - 6
2014-06-05 09:17:11,014 INFO  [main] (ClassLoaderUtil.java:140)     - 绝对路径：file:/D:/workspace/AixiWeiboTools/WebRoot
2014-06-05 09:17:11,014 INFO  [main] (ClassLoaderUtil.java:121)     - 传入的相对路径：../../../
2014-06-05 09:17:11,014 INFO  [main] (ClassLoaderUtil.java:109)     - file:/D:/workspace/AixiWeiboTools/WebRoot/WEB-INF/classes/
2014-06-05 09:17:11,014 INFO  [main] (ClassLoaderUtil.java:130)     - 6
2014-06-05 09:17:11,014 INFO  [main] (ClassLoaderUtil.java:140)     - 绝对路径：file:/D:/workspace/AixiWeiboTools/
2014-06-05 09:19:17,943 INFO  [main] (ClassLoaderUtil.java:121)     - 传入的相对路径：../../../
2014-06-05 09:19:17,943 INFO  [main] (ClassLoaderUtil.java:109)     - file:/D:/workspace/AixiWeiboTools/WebRoot/WEB-INF/classes/
2014-06-05 09:19:17,943 INFO  [main] (ClassLoaderUtil.java:130)     - 6
2014-06-05 09:19:17,943 INFO  [main] (ClassLoaderUtil.java:140)     - 绝对路径：file:/D:/workspace/AixiWeiboTools/
2014-06-05 09:19:17,943 INFO  [main] (ClassLoaderUtil.java:121)     - 传入的相对路径：../../../WebRoot
2014-06-05 09:19:17,959 INFO  [main] (ClassLoaderUtil.java:109)     - file:/D:/workspace/AixiWeiboTools/WebRoot/WEB-INF/classes/
2014-06-05 09:19:17,959 INFO  [main] (ClassLoaderUtil.java:130)     - 6
2014-06-05 09:19:17,959 INFO  [main] (ClassLoaderUtil.java:140)     - 绝对路径：file:/D:/workspace/AixiWeiboTools/WebRoot
2014-06-05 09:19:17,959 INFO  [main] (ClassLoaderUtil.java:121)     - 传入的相对路径：../../../
2014-06-05 09:19:17,959 INFO  [main] (ClassLoaderUtil.java:109)     - file:/D:/workspace/AixiWeiboTools/WebRoot/WEB-INF/classes/
2014-06-05 09:19:17,959 INFO  [main] (ClassLoaderUtil.java:130)     - 6
2014-06-05 09:19:17,959 INFO  [main] (ClassLoaderUtil.java:140)     - 绝对路径：file:/D:/workspace/AixiWeiboTools/
